<?xml version="1.0" encoding="UTF-8"?>
<!-- Generated by org.testng.reporters.JUnitReportReporter -->
<testsuite hostname="INSVHER5" failures="0" tests="3" name="test.carTest" time="0.008" errors="0" timestamp="2022-04-14T11:20:12 IST" skipped="0">
  <testcase classname="test.carTest" name="carColor" time="0.006"/>
  <system-out/>
  <testcase classname="test.carTest" name="carPrice" time="0.001"/>
  <system-out/>
  <testcase classname="test.carTest" name="carLoan" time="0.001"/>
  <system-out/>
</testsuite> <!-- test.carTest -->
