<?xml version="1.0" encoding="UTF-8"?>
<!-- Generated by org.testng.reporters.JUnitReportReporter -->
<testsuite hostname="INSVHER5" failures="0" tests="2" name="test.ProductServiceTest" time="0.008" errors="0" timestamp="2022-04-13T12:30:35 IST" skipped="0">
  <testcase classname="test.ProductServiceTest" name="findProductTest" time="0.007"/>
  <system-out/>
  <testcase classname="test.ProductServiceTest" name="storeProductTest" time="0.001"/>
  <system-out/>
</testsuite> <!-- test.ProductServiceTest -->
