<?xml version="1.0" encoding="UTF-8"?>
<!-- Generated by org.testng.reporters.JUnitReportReporter -->
<testsuite hostname="INSVHER5" failures="0" tests="4" name="test.OperationTest" time="0.011" errors="0" timestamp="2022-04-14T11:20:12 IST" skipped="0">
  <testcase classname="test.OperationTest" name="testDiv" time="0.002"/>
  <system-out/>
  <testcase classname="test.OperationTest" name="testAdd" time="0.007"/>
  <system-out/>
  <testcase classname="test.OperationTest" name="testMult" time="0.001"/>
  <system-out/>
  <testcase classname="test.OperationTest" name="testSub" time="0.001"/>
  <system-out/>
</testsuite> <!-- test.OperationTest -->
