<?xml version="1.0" encoding="UTF-8"?>
<!-- Generated by org.testng.reporters.JUnitReportReporter -->
<testsuite hostname="INSVHER5" failures="0" tests="3" name="test.bikeTest" time="0.005" errors="0" timestamp="2022-04-14T11:20:12 IST" skipped="0">
  <testcase classname="test.bikeTest" name="bikePrice" time="0.002"/>
  <system-out/>
  <testcase classname="test.bikeTest" name="bikeColor" time="0.002"/>
  <system-out/>
  <testcase classname="test.bikeTest" name="bikeLoan" time="0.001"/>
  <system-out/>
</testsuite> <!-- test.bikeTest -->
