<?xml version="1.0" encoding="UTF-8"?>
<!-- Generated by org.testng.reporters.JUnitReportReporter -->
<testsuite hostname="INSVHER5" failures="0" tests="4" name="test.PriorityTest" time="0.006" errors="0" timestamp="2022-04-14T11:20:12 IST" skipped="0">
  <testcase classname="test.PriorityTest" name="a" time="0.001"/>
  <system-out/>
  <testcase classname="test.PriorityTest" name="b" time="0.002"/>
  <system-out/>
  <testcase classname="test.PriorityTest" name="d" time="0.001"/>
  <system-out/>
  <testcase classname="test.PriorityTest" name="c" time="0.002"/>
  <system-out/>
</testsuite> <!-- test.PriorityTest -->
